<?xml version="1.0" encoding="UTF-8"?>
<!-- Generated by org.testng.reporters.JUnitReportReporter -->
<testsuite hostname="DESKTOP-IIQ328S" failures="0" tests="3" name="TestNG.PriorityExample" time="0.035" errors="0" timestamp="2022-07-28T20:44:49 IST" skipped="0">
  <testcase classname="TestNG.PriorityExample" name="siva" time="0.027"/>
  <system-out/>
  <testcase classname="TestNG.PriorityExample" name="kani" time="0.004"/>
  <system-out/>
  <testcase classname="TestNG.PriorityExample" name="dinesh" time="0.004"/>
  <system-out/>
</testsuite> <!-- TestNG.PriorityExample -->
