<?xml version="1.0" encoding="UTF-8"?>
<!-- Generated by org.testng.reporters.JUnitReportReporter -->
<testsuite hostname="DESKTOP-IIQ328S" failures="0" tests="3" name="TestNG.SuiteExample" time="40.949" errors="0" timestamp="2022-07-23T14:16:40 IST" skipped="0">
  <testcase classname="TestNG.SuiteExample" name="Radiobutton" time="21.897"/>
  <system-out/>
  <testcase classname="TestNG.SuiteExample" name="GetTooltipName" time="7.428"/>
  <system-out/>
  <testcase classname="TestNG.SuiteExample" name="DragandDrop" time="11.624"/>
  <system-out/>
</testsuite> <!-- TestNG.SuiteExample -->
