<?xml version="1.0" encoding="UTF-8"?>
<!-- Generated by org.testng.reporters.JUnitReportReporter -->
<testsuite hostname="DESKTOP-IIQ328S" failures="0" tests="4" name="TestNG.LoginTestCase" time="83.192" errors="0" timestamp="2022-07-26T10:35:07 IST" skipped="0">
  <testcase classname="TestNG.LoginTestCase" name="Login" time="17.856"/>
  <system-out/>
  <testcase classname="TestNG.LoginTestCase" name="Login" time="16.263"/>
  <system-out/>
  <testcase classname="TestNG.LoginTestCase" name="Login" time="29.805"/>
  <system-out/>
  <testcase classname="TestNG.LoginTestCase" name="Login" time="19.268"/>
  <system-out/>
</testsuite> <!-- TestNG.LoginTestCase -->
