<?xml version="1.0" encoding="UTF-8"?>
<!-- Generated by org.testng.reporters.JUnitReportReporter -->
<testsuite hostname="DESKTOP-IIQ328S" failures="0" tests="2" name="TestNG.GroupingExample" time="0.040" errors="0" timestamp="2022-07-25T12:11:52 IST" skipped="0">
  <testcase classname="TestNG.GroupingExample" name="dinesh" time="0.030"/>
  <system-out/>
  <testcase classname="TestNG.GroupingExample" name="kani" time="0.010"/>
  <system-out/>
</testsuite> <!-- TestNG.GroupingExample -->
