<?xml version="1.0" encoding="UTF-8"?>
<!-- Generated by org.testng.reporters.JUnitReportReporter -->
<testsuite hostname="DESKTOP-IIQ328S" failures="0" tests="1" name="TestNG.Assertions" time="0.027" errors="0" timestamp="2022-07-28T13:06:05 IST" skipped="0">
  <testcase classname="TestNG.Assertions" name="assertion" time="0.027"/>
  <system-out/>
</testsuite> <!-- TestNG.Assertions -->
