<?xml version="1.0" encoding="UTF-8"?>
<!-- Generated by org.testng.reporters.JUnitReportReporter -->
<testsuite hostname="DESKTOP-IIQ328S" failures="0" tests="4" name="TestNG.ExcelWorkbookUsingJXLLibrary" time="11.033" errors="0" timestamp="2022-07-26T19:16:27 IST" skipped="0">
  <testcase classname="TestNG.ExcelWorkbookUsingJXLLibrary" name="Login" time="3.463"/>
  <system-out/>
  <testcase classname="TestNG.ExcelWorkbookUsingJXLLibrary" name="Login" time="2.155"/>
  <system-out/>
  <testcase classname="TestNG.ExcelWorkbookUsingJXLLibrary" name="Login" time="2.865"/>
  <system-out/>
  <testcase classname="TestNG.ExcelWorkbookUsingJXLLibrary" name="Login" time="2.550"/>
  <system-out/>
</testsuite> <!-- TestNG.ExcelWorkbookUsingJXLLibrary -->
