<?xml version="1.0" encoding="UTF-8"?>
<!-- Generated by org.testng.reporters.JUnitReportReporter -->
<testsuite hostname="DESKTOP-IIQ328S" failures="0" tests="2" name="TestNG.CrossBrowser" time="175.112" errors="0" timestamp="2022-08-01T14:18:20 IST" skipped="0">
  <testcase classname="TestNG.CrossBrowser" name="Chrome" time="75.615"/>
  <system-out/>
  <testcase classname="TestNG.CrossBrowser" name="Chrome" time="99.497"/>
  <system-out/>
</testsuite> <!-- TestNG.CrossBrowser -->
