<?xml version="1.0" encoding="UTF-8"?>
<!-- Generated by org.testng.reporters.JUnitReportReporter -->
<testsuite hostname="DESKTOP-IIQ328S" failures="0" tests="4" name="TestNG.DATAProvider" time="120.387" errors="0" timestamp="2022-07-29T22:39:17 IST" skipped="0">
  <testcase classname="TestNG.DATAProvider" name="Login" time="45.690"/>
  <system-out/>
  <testcase classname="TestNG.DATAProvider" name="Login" time="22.057"/>
  <system-out/>
  <testcase classname="TestNG.DATAProvider" name="Login" time="21.643"/>
  <system-out/>
  <testcase classname="TestNG.DATAProvider" name="Login" time="30.997"/>
  <system-out/>
</testsuite> <!-- TestNG.DATAProvider -->
