<?xml version="1.0" encoding="UTF-8"?>
<!-- Generated by org.testng.reporters.JUnitReportReporter -->
<testsuite hostname="DESKTOP-IIQ328S" failures="0" tests="4" name="TestNG.Dependencyexample" time="0.042" errors="0" timestamp="2022-07-25T21:35:45 IST" skipped="0">
  <testcase classname="TestNG.Dependencyexample" name="siva" time="0.007"/>
  <system-out/>
  <testcase classname="TestNG.Dependencyexample" name="dinesh" time="0.024"/>
  <system-out/>
  <testcase classname="TestNG.Dependencyexample" name="hari" time="0.004"/>
  <system-out/>
  <testcase classname="TestNG.Dependencyexample" name="dhamo" time="0.007"/>
  <system-out/>
</testsuite> <!-- TestNG.Dependencyexample -->
