<?xml version="1.0" encoding="UTF-8"?>
<!-- Generated by org.testng.reporters.JUnitReportReporter -->
<testsuite hostname="DESKTOP-IIQ328S" failures="0" tests="2" name="TestNG.AnnotationExample" time="0.046" errors="0" timestamp="2022-07-25T21:05:47 IST" skipped="0">
  <testcase classname="TestNG.AnnotationExample" name="TestCase2" time="0.011"/>
  <system-out/>
  <testcase classname="TestNG.AnnotationExample" name="TestCase" time="0.035"/>
  <system-out/>
</testsuite> <!-- TestNG.AnnotationExample -->
