<?xml version="1.0" encoding="UTF-8"?>
<!-- Generated by org.testng.reporters.JUnitReportReporter -->
<testsuite hostname="DESKTOP-IIQ328S" failures="0" tests="2" name="TestNG.parallelTesting" time="33.460" errors="0" timestamp="2022-07-25T13:44:32 IST" skipped="0">
  <testcase classname="TestNG.parallelTesting" name="sortable" time="16.661"/>
  <system-out/>
  <testcase classname="TestNG.parallelTesting" name="dropanddrp" time="16.799"/>
  <system-out/>
</testsuite> <!-- TestNG.parallelTesting -->
