<?xml version="1.0" encoding="UTF-8"?>
<!-- Generated by org.testng.reporters.JUnitReportReporter -->
<testsuite hostname="DESKTOP-IIQ328S" failures="0" tests="3" name="TestNG.Skiptestcase" time="0.005" errors="0" timestamp="2022-07-23T14:16:40 IST" skipped="1">
  <testcase classname="TestNG.Skiptestcase" name="siva" time="0.003"/>
  <system-out/>
  <testcase classname="TestNG.Skiptestcase" name="dinesh" time="0.002"/>
  <system-out/>
  <testcase classname="TestNG.Skiptestcase" name="kani">
    <skipped/>
  </testcase> <!-- kani -->
  <system-out/>
</testsuite> <!-- TestNG.Skiptestcase -->
